<?xml version="1.0" encoding="UTF-8"?>
<!-- Generated by org.testng.reporters.JUnitReportReporter -->
<testsuite hostname="LP-214845099" failures="0" tests="5" name="testcases.GheeOilsTest" time="43.062" errors="0" timestamp="2023-06-30T17:54:41 IST" skipped="0">
  <testcase classname="testcases.GheeOilsTest" name="mouseOverTest" time="0.636"/>
  <system-out/>
  <testcase classname="testcases.GheeOilsTest" name="popularitySortTest" time="5.523"/>
  <system-out/>
  <testcase classname="testcases.GheeOilsTest" name="lowToHighSortTest" time="10.898"/>
  <system-out/>
  <testcase classname="testcases.GheeOilsTest" name="highToLowSortTest" time="10.550"/>
  <system-out/>
  <testcase classname="testcases.GheeOilsTest" name="discountSortTest" time="15.455"/>
  <system-out/>
</testsuite> <!-- testcases.GheeOilsTest -->
