<?xml version="1.0" encoding="UTF-8"?>
<!-- Generated by org.testng.reporters.JUnitReportReporter -->
<testsuite skipped="0" hostname="DESKTOP-DTJ6LC3" name="testcases.HomePageTest" tests="3" failures="0" timestamp="08 May 2023 16:18:51 GMT" time="0.726" errors="0">
  <testcase name="verifyHomePageTitleTest" time="0.078" classname="testcases.HomePageTest"/>
  <testcase name="verifyGroceryOnHomePage" time="0.306" classname="testcases.HomePageTest"/>
  <testcase name="clickOnGroceryTest" time="0.342" classname="testcases.HomePageTest"/>
</testsuite> <!-- testcases.HomePageTest -->
