<?xml version="1.0" encoding="UTF-8"?>
<!-- Generated by org.testng.reporters.JUnitReportReporter -->
<testsuite skipped="0" hostname="DESKTOP-DTJ6LC3" name="testcases.GheeOilsTest" tests="5" failures="0" timestamp="12 May 2023 10:58:08 GMT" time="41.314" errors="0">
  <testcase name="mouseOverTest" time="0.648" classname="testcases.GheeOilsTest"/>
  <testcase name="popularitySortTest" time="10.170" classname="testcases.GheeOilsTest"/>
  <testcase name="lowToHighSortTest" time="10.190" classname="testcases.GheeOilsTest"/>
  <testcase name="highToLowSortTest" time="10.153" classname="testcases.GheeOilsTest"/>
  <testcase name="discountSortTest" time="10.153" classname="testcases.GheeOilsTest"/>
</testsuite> <!-- testcases.GheeOilsTest -->
