<?xml version="1.0" encoding="UTF-8"?>
<!-- Generated by org.testng.reporters.JUnitReportReporter -->
<testsuite skipped="0" hostname="DESKTOP-DTJ6LC3" name="testcases.HomePageTest" tests="5" failures="0" timestamp="11 May 2023 15:37:28 GMT" time="32.411" errors="0">
  <testcase name="verifyHomePageTitleTest" time="0.023" classname="testcases.HomePageTest"/>
  <testcase name="verifyGroceryOnHomePage" time="0.080" classname="testcases.HomePageTest"/>
  <testcase name="clickOnGroceryTest" time="0.099" classname="testcases.HomePageTest"/>
  <testcase name="enterLocationPinCode" time="7.138" classname="testcases.HomePageTest"/>
  <testcase name="submitLocation" time="25.071" classname="testcases.HomePageTest"/>
</testsuite> <!-- testcases.HomePageTest -->
