<?xml version="1.0" encoding="UTF-8"?>
<!-- Generated by org.testng.reporters.JUnitReportReporter -->
<testsuite skipped="0" hostname="DESKTOP-DTJ6LC3" name="testcases.AHomePageTest" tests="5" failures="0" timestamp="12 May 2023 10:58:08 GMT" time="32.548" errors="0">
  <testcase name="verifyHomePageTitleTest" time="0.031" classname="testcases.AHomePageTest"/>
  <testcase name="verifyGroceryOnHomePage" time="0.094" classname="testcases.AHomePageTest"/>
  <testcase name="clickOnGroceryTest" time="0.153" classname="testcases.AHomePageTest"/>
  <testcase name="enterLocationPinCode" time="7.181" classname="testcases.AHomePageTest"/>
  <testcase name="submitLocation" time="25.089" classname="testcases.AHomePageTest"/>
</testsuite> <!-- testcases.AHomePageTest -->
