<?xml version="1.0" encoding="UTF-8"?>
<!-- Generated by org.testng.reporters.JUnitReportReporter -->
<testsuite hostname="LP-214845099" failures="0" tests="7" name="testcases.AHomePageTest" time="24.148" errors="0" timestamp="2023-06-30T15:42:11 IST" skipped="0">
  <testcase classname="testcases.AHomePageTest" name="verifyHomePageTitleTest" time="0.039"/>
  <system-out/>
  <testcase classname="testcases.AHomePageTest" name="verifyGroceryOnHomePage" time="0.125"/>
  <system-out/>
  <testcase classname="testcases.AHomePageTest" name="clickOnGroceryTest" time="0.666"/>
  <system-out/>
  <testcase classname="testcases.AHomePageTest" name="enterLocationPinCode" time="0.525"/>
  <system-out/>
  <testcase classname="testcases.AHomePageTest" name="submitLocation" time="0.412"/>
  <system-out/>
  <testcase classname="testcases.AHomePageTest" name="loginTest" time="14.398"/>
  <system-out/>
  <testcase classname="testcases.AHomePageTest" name="closeTest" time="7.983"/>
  <system-out/>
</testsuite> <!-- testcases.AHomePageTest -->
