<?xml version="1.0" encoding="UTF-8"?>
<!-- Generated by org.testng.reporters.JUnitReportReporter -->
<testsuite skipped="0" hostname="DESKTOP-DTJ6LC3" name="testcases.AHomePageTest" tests="5" failures="0" timestamp="03 Jun 2023 17:54:22 GMT" time="32.467" errors="0">
  <testcase name="verifyHomePageTitleTest" time="0.031" classname="testcases.AHomePageTest"/>
  <testcase name="verifyGroceryOnHomePage" time="0.090" classname="testcases.AHomePageTest"/>
  <testcase name="clickOnGroceryTest" time="0.102" classname="testcases.AHomePageTest"/>
  <testcase name="enterLocationPinCode" time="7.130" classname="testcases.AHomePageTest"/>
  <testcase name="submitLocation" time="25.114" classname="testcases.AHomePageTest"/>
</testsuite> <!-- testcases.AHomePageTest -->
