<?xml version="1.0" encoding="UTF-8"?>
<!-- Generated by org.testng.reporters.JUnitReportReporter -->
<testsuite skipped="0" hostname="DESKTOP-DTJ6LC3" name="testcases.GheeOilsTest" tests="5" failures="0" timestamp="03 Jun 2023 17:54:22 GMT" time="41.619" errors="0">
  <testcase name="mouseOverTest" time="0.675" classname="testcases.GheeOilsTest"/>
  <testcase name="popularitySortTest" time="10.251" classname="testcases.GheeOilsTest"/>
  <testcase name="lowToHighSortTest" time="10.261" classname="testcases.GheeOilsTest"/>
  <testcase name="highToLowSortTest" time="10.202" classname="testcases.GheeOilsTest"/>
  <testcase name="discountSortTest" time="10.230" classname="testcases.GheeOilsTest"/>
</testsuite> <!-- testcases.GheeOilsTest -->
