<?xml version="1.0" encoding="UTF-8"?>
<!-- Generated by org.testng.reporters.JUnitReportReporter -->
<testsuite hostname="LP-214845099" failures="0" tests="3" name="testcases.AttaTest" time="14.441" errors="0" timestamp="2023-06-30T17:54:41 IST" skipped="0">
  <testcase classname="testcases.AttaTest" name="filterBrandTest" time="10.731"/>
  <system-out/>
  <testcase classname="testcases.AttaTest" name="availabilityTest" time="1.001"/>
  <system-out/>
  <testcase classname="testcases.AttaTest" name="backToGroceryTest" time="2.709"/>
  <system-out/>
</testsuite> <!-- testcases.AttaTest -->
