<?xml version="1.0" encoding="UTF-8"?>
<!-- Generated by org.testng.reporters.JUnitReportReporter -->
<testsuite hostname="LP-214845099" failures="0" tests="7" name="testcases.GroceryHomePageTest" time="26.126" errors="0" timestamp="2023-06-30T17:54:41 IST" skipped="0">
  <testcase classname="testcases.GroceryHomePageTest" name="verifyHomePageTitleTest" time="0.048"/>
  <system-out/>
  <testcase classname="testcases.GroceryHomePageTest" name="verifyGroceryOnHomePage" time="0.114"/>
  <system-out/>
  <testcase classname="testcases.GroceryHomePageTest" name="clickOnGroceryTest" time="3.282"/>
  <system-out/>
  <testcase classname="testcases.GroceryHomePageTest" name="enterLocationPinCode" time="0.152"/>
  <system-out/>
  <testcase classname="testcases.GroceryHomePageTest" name="submitLocation" time="0.438"/>
  <system-out/>
  <testcase classname="testcases.GroceryHomePageTest" name="loginTest" time="14.494"/>
  <system-out/>
  <testcase classname="testcases.GroceryHomePageTest" name="closeTest" time="7.598"/>
  <system-out/>
</testsuite> <!-- testcases.GroceryHomePageTest -->
